<?xml version="1.0" encoding="UTF-8"?>
<!-- Generated by org.testng.reporters.JUnitReportReporter -->
<testsuite hostname="DESKTOP-PDG8CR5" failures="0" tests="4" name="com.api.testcases.UserTest" time="7.259" errors="0" timestamp="2025-04-13T00:24:20 IST" skipped="0">
  <testcase classname="com.api.testcases.UserTest" name="testCreateUser" time="3.675"/>
  <testcase classname="com.api.testcases.UserTest" name="testGetUser" time="1.195"/>
  <testcase classname="com.api.testcases.UserTest" name="testUpdateUser" time="1.212"/>
  <testcase classname="com.api.testcases.UserTest" name="testDeleteUser" time="1.177"/>
</testsuite> <!-- com.api.testcases.UserTest -->
